<?xml version="1.0" encoding="UTF-8"?>
<beans xmlns="http://www.springframework.org/schema/beans"
	xmlns:xsi="http://www.w3.org/2001/XMLSchema-instance"
	xmlns:context="http://www.springframework.org/schema/context"
	xsi:schemaLocation="http://www.springframework.org/schema/beans http://www.springframework.org/schema/beans/spring-beans.xsd
		http://www.springframework.org/schema/context http://www.springframework.org/schema/context/spring-context-3.2.xsd">

	<bean id="userDao" class="dorothy.UserDao">
		<property name="dataSource" ref="dataSource"></property>
	</bean>
	<bean id="dataSource" class="org.springframework.jdbc.datasource.SimpleDriverDataSource">
		<property name="driverClass" value="net.sourceforge.jtds.jdbc.Driver"></property>
		<property name="url" value="jdbc:jtds:sqlserver://210.122.8.148:1433;DatabaseName=dorothy"></property>
		<property name="username" value="dorothy"></property>
		<property name="password" value="dorothy"></property>
	</bean>
</beans>
